   Compiling ../../../MNIST.cpp in debug mode
   Compiling ../../../test.cpp in debug mode
   Generating csim.exe
Image File = [D:\Projects\FPGA\deep_learning_hls\MNIST\train-images.idx3-ubyte]
Label File = [D:\Projects\FPGA\deep_learning_hls\MNIST\train-labels.idx1-ubyte]
  0: 5
 .. .. .. .. .. .. .. .. .. .. .. .. .. .. .. .. .. .. .. .. .. .. .. .. .. .. .. ..
 .. .. .. .. .. .. .. .. .. .. .. .. .. .. .. .. .. .. .. .. .. .. .. .. .. .. .. ..
 .. .. .. .. .. .. .. .. .. .. .. .. .. .. .. .. .. .. .. .. .. .. .. .. .. .. .. ..
 .. .. .. .. .. .. .. .. .. .. .. .. .. .. .. .. .. .. .. .. .. .. .. .. .. .. .. ..
 .. .. .. .. .. .. .. .. .. .. .. .. .. .. .. .. .. .. .. .. .. .. .. .. .. .. .. ..
 .. .. .. .. .. .. .. .. .. .. .. .. 03 12 12 12 7e 88 af 1a a6 ff f7 7f .. .. .. ..
 .. .. .. .. .. .. .. .. 1e 24 5e 9a aa fd fd fd fd fd e1 ac fd f2 c3 40 .. .. .. ..
 .. .. .. .. .. .. .. 31 ee fd fd fd fd fd fd fd fd fb 5d 52 52 38 27 .. .. .. .. ..
 .. .. .. .. .. .. .. 12 db fd fd fd fd fd c6 b6 f7 f1 .. .. .. .. .. .. .. .. .. ..
 .. .. .. .. .. .. .. .. 50 9c 6b fd fd cd 0b .. 2b 9a .. .. .. .. .. .. .. .. .. ..
 .. .. .. .. .. .. .. .. .. 0e 01 9a fd 5a .. .. .. .. .. .. .. .. .. .. .. .. .. ..
 .. .. .. .. .. .. .. .. .. .. .. 8b fd be 02 .. .. .. .. .. .. .. .. .. .. .. .. ..
 .. .. .. .. .. .. .. .. .. .. .. 0b be fd 46 .. .. .. .. .. .. .. .. .. .. .. .. ..
 .. .. .. .. .. .. .. .. .. .. .. .. 23 f1 e1 a0 6c 01 .. .. .. .. .. .. .. .. .. ..
 .. .. .. .. .. .. .. .. .. .. .. .. .. 51 f0 fd fd 77 19 .. .. .. .. .. .. .. .. ..
 .. .. .. .. .. .. .. .. .. .. .. .. .. .. 2d ba fd fd 96 1b .. .. .. .. .. .. .. ..
 .. .. .. .. .. .. .. .. .. .. .. .. .. .. .. 10 5d fc fd bb .. .. .. .. .. .. .. ..
 .. .. .. .. .. .. .. .. .. .. .. .. .. .. .. .. .. f9 fd f9 40 .. .. .. .. .. .. ..
 .. .. .. .. .. .. .. .. .. .. .. .. .. .. 2e 82 b7 fd fd cf 02 .. .. .. .. .. .. ..
 .. .. .. .. .. .. .. .. .. .. .. .. 27 94 e5 fd fd fd fa b6 .. .. .. .. .. .. .. ..
 .. .. .. .. .. .. .. .. .. .. 18 72 dd fd fd fd fd c9 4e .. .. .. .. .. .. .. .. ..
 .. .. .. .. .. .. .. .. 17 42 d5 fd fd fd fd c6 51 02 .. .. .. .. .. .. .. .. .. ..
 .. .. .. .. .. .. 12 ab db fd fd fd fd c3 50 09 .. .. .. .. .. .. .. .. .. .. .. ..
 .. .. .. .. 37 ac e2 fd fd fd fd f4 85 0b .. .. .. .. .. .. .. .. .. .. .. .. .. ..
 .. .. .. .. 88 fd fd fd d4 87 84 10 .. .. .. .. .. .. .. .. .. .. .. .. .. .. .. ..
 .. .. .. .. .. .. .. .. .. .. .. .. .. .. .. .. .. .. .. .. .. .. .. .. .. .. .. ..
 .. .. .. .. .. .. .. .. .. .. .. .. .. .. .. .. .. .. .. .. .. .. .. .. .. .. .. ..
 .. .. .. .. .. .. .. .. .. .. .. .. .. .. .. .. .. .. .. .. .. .. .. .. .. .. .. ..

  1: 0
 .. .. .. .. .. .. .. .. .. .. .. .. .. .. .. .. .. .. .. .. .. .. .. .. .. .. .. ..
 .. .. .. .. .. .. .. .. .. .. .. .. .. .. .. .. .. .. .. .. .. .. .. .. .. .. .. ..
 .. .. .. .. .. .. .. .. .. .. .. .. .. .. .. .. .. .. .. .. .. .. .. .. .. .. .. ..
 .. .. .. .. .. .. .. .. .. .. .. .. .. .. .. .. .. .. .. .. .. .. .. .. .. .. .. ..
 .. .. .. .. .. .. .. .. .. .. .. .. .. .. .. 33 9f fd 9f 32 .. .. .. .. .. .. .. ..
 .. .. .. .. .. .. .. .. .. .. .. .. .. .. 30 ee fc fc fc ed .. .. .. .. .. .. .. ..
 .. .. .. .. .. .. .. .. .. .. .. .. .. 36 e3 fd fc ef e9 fc 39 06 .. .. .. .. .. ..
 .. .. .. .. .. .. .. .. .. .. .. 0a 3c e0 fc fd fc ca 54 fc fd 7a .. .. .. .. .. ..
 .. .. .. .. .. .. .. .. .. .. .. a3 fc fc fc fd fc fc 60 bd fd a7 .. .. .. .. .. ..
 .. .. .. .. .. .. .. .. .. .. 33 ee fd fd be 72 fd e4 2f 4f ff a8 .. .. .. .. .. ..
 .. .. .. .. .. .. .. .. .. 30 ee fc fc b3 0c 4b 79 15 .. .. fd f3 32 .. .. .. .. ..
 .. .. .. .. .. .. .. .. 26 a5 fd e9 d0 54 .. .. .. .. .. .. fd fc a5 .. .. .. .. ..
 .. .. .. .. .. .. .. 07 b2 fc f0 47 13 1c .. .. .. .. .. .. fd fc c3 .. .. .. .. ..
 .. .. .. .. .. .. .. 39 fc fc 3f .. .. .. .. .. .. .. .. .. fd fc c3 .. .. .. .. ..
 .. .. .. .. .. .. .. c6 fd be .. .. .. .. .. .. .. .. .. .. ff fd c4 .. .. .. .. ..
 .. .. .. .. .. .. 4c f6 fc 70 .. .. .. .. .. .. .. .. .. .. fd fc 94 .. .. .. .. ..
 .. .. .. .. .. .. 55 fc e6 19 .. .. .. .. .. .. .. .. 07 87 fd ba 0c .. .. .. .. ..
 .. .. .. .. .. .. 55 fc df .. .. .. .. .. .. .. .. 07 83 fc e1 47 .. .. .. .. .. ..
 .. .. .. .. .. .. 55 fc 91 .. .. .. .. .. .. .. 30 a5 fc ad .. .. .. .. .. .. .. ..
 .. .. .. .. .. .. 56 fd e1 .. .. .. .. .. .. 72 ee fd a2 .. .. .. .. .. .. .. .. ..
 .. .. .. .. .. .. 55 fc f9 92 30 1d 55 b2 e1 fd df a7 38 .. .. .. .. .. .. .. .. ..
 .. .. .. .. .. .. 55 fc fc fc e5 d7 fc fc fc c4 82 .. .. .. .. .. .. .. .. .. .. ..
 .. .. .. .. .. .. 1c c7 fc fc fd fc fc e9 91 .. .. .. .. .. .. .. .. .. .. .. .. ..
 .. .. .. .. .. .. .. 19 80 fc fd fc 8d 25 .. .. .. .. .. .. .. .. .. .. .. .. .. ..
 .. .. .. .. .. .. .. .. .. .. .. .. .. .. .. .. .. .. .. .. .. .. .. .. .. .. .. ..
 .. .. .. .. .. .. .. .. .. .. .. .. .. .. .. .. .. .. .. .. .. .. .. .. .. .. .. ..
 .. .. .. .. .. .. .. .. .. .. .. .. .. .. .. .. .. .. .. .. .. .. .. .. .. .. .. ..
 .. .. .. .. .. .. .. .. .. .. .. .. .. .. .. .. .. .. .. .. .. .. .. .. .. .. .. ..

  2: 4
 .. .. .. .. .. .. .. .. .. .. .. .. .. .. .. .. .. .. .. .. .. .. .. .. .. .. .. ..
 .. .. .. .. .. .. .. .. .. .. .. .. .. .. .. .. .. .. .. .. .. .. .. .. .. .. .. ..
 .. .. .. .. .. .. .. .. .. .. .. .. .. .. .. .. .. .. .. .. .. .. .. .. .. .. .. ..
 .. .. .. .. .. .. .. .. .. .. .. .. .. .. .. .. .. .. .. .. .. .. .. .. .. .. .. ..
 .. .. .. .. .. .. .. .. .. .. .. .. .. .. .. .. .. .. .. .. .. .. .. .. .. .. .. ..
 .. .. .. .. .. .. .. .. .. .. .. .. .. .. .. .. .. .. .. .. 43 e8 27 .. .. .. .. ..
 .. .. .. .. 3e 51 .. .. .. .. .. .. .. .. .. .. .. .. .. .. 78 b4 27 .. .. .. .. ..
 .. .. .. .. 7e a3 .. .. .. .. .. .. .. .. .. .. .. .. .. 02 99 d2 28 .. .. .. .. ..
 .. .. .. .. dc a3 .. .. .. .. .. .. .. .. .. .. .. .. .. 1b fe a2 .. .. .. .. .. ..
 .. .. .. .. de a3 .. .. .. .. .. .. .. .. .. .. .. .. .. b7 fe 7d .. .. .. .. .. ..
 .. .. .. 2e f5 a3 .. .. .. .. .. .. .. .. .. .. .. .. .. c6 fe 38 .. .. .. .. .. ..
 .. .. .. 78 fe a3 .. .. .. .. .. .. .. .. .. .. .. .. 17 e7 fe 1d .. .. .. .. .. ..
 .. .. .. 9f fe 78 .. .. .. .. .. .. .. .. .. .. .. .. a3 fe d8 10 .. .. .. .. .. ..
 .. .. .. 9f fe 43 .. .. .. .. .. .. .. .. .. 0e 56 b2 f8 fe 5b .. .. .. .. .. .. ..
 .. .. .. 9f fe 55 .. .. .. 2f 31 74 90 96 f1 f3 ea b3 f1 fc 28 .. .. .. .. .. .. ..
 .. .. .. 96 fd ed cf cf cf fd fe fa f0 c6 8f 5b 1c 05 e9 fa .. .. .. .. .. .. .. ..
 .. .. .. .. 77 b1 b1 b1 b1 b1 62 38 .. .. .. .. .. 66 fe dc .. .. .. .. .. .. .. ..
 .. .. .. .. .. .. .. .. .. .. .. .. .. .. .. .. .. a9 fe 89 .. .. .. .. .. .. .. ..
 .. .. .. .. .. .. .. .. .. .. .. .. .. .. .. .. .. a9 fe 39 .. .. .. .. .. .. .. ..
 .. .. .. .. .. .. .. .. .. .. .. .. .. .. .. .. .. a9 fe 39 .. .. .. .. .. .. .. ..
 .. .. .. .. .. .. .. .. .. .. .. .. .. .. .. .. .. a9 ff 5e .. .. .. .. .. .. .. ..
 .. .. .. .. .. .. .. .. .. .. .. .. .. .. .. .. .. a9 fe 60 .. .. .. .. .. .. .. ..
 .. .. .. .. .. .. .. .. .. .. .. .. .. .. .. .. .. a9 fe 99 .. .. .. .. .. .. .. ..
 .. .. .. .. .. .. .. .. .. .. .. .. .. .. .. .. .. a9 ff 99 .. .. .. .. .. .. .. ..
 .. .. .. .. .. .. .. .. .. .. .. .. .. .. .. .. .. 60 fe 99 .. .. .. .. .. .. .. ..
 .. .. .. .. .. .. .. .. .. .. .. .. .. .. .. .. .. .. .. .. .. .. .. .. .. .. .. ..
 .. .. .. .. .. .. .. .. .. .. .. .. .. .. .. .. .. .. .. .. .. .. .. .. .. .. .. ..
 .. .. .. .. .. .. .. .. .. .. .. .. .. .. .. .. .. .. .. .. .. .. .. .. .. .. .. ..

  3: 1
 .. .. .. .. .. .. .. .. .. .. .. .. .. .. .. .. .. .. .. .. .. .. .. .. .. .. .. ..
 .. .. .. .. .. .. .. .. .. .. .. .. .. .. .. .. .. .. .. .. .. .. .. .. .. .. .. ..
 .. .. .. .. .. .. .. .. .. .. .. .. .. .. .. .. .. .. .. .. .. .. .. .. .. .. .. ..
 .. .. .. .. .. .. .. .. .. .. .. .. .. .. .. .. .. .. .. .. .. .. .. .. .. .. .. ..
 .. .. .. .. .. .. .. .. .. .. .. .. .. .. .. .. .. .. .. .. .. .. .. .. .. .. .. ..
 .. .. .. .. .. .. .. .. .. .. .. .. .. .. .. .. .. .. 7c fd ff 3f .. .. .. .. .. ..
 .. .. .. .. .. .. .. .. .. .. .. .. .. .. .. .. .. 60 f4 fb fd 3e .. .. .. .. .. ..
 .. .. .. .. .. .. .. .. .. .. .. .. .. .. .. .. .. 7f fb fb fd 3e .. .. .. .. .. ..
 .. .. .. .. .. .. .. .. .. .. .. .. .. .. .. .. 44 ec fb d3 1f 08 .. .. .. .. .. ..
 .. .. .. .. .. .. .. .. .. .. .. .. .. .. .. 3c e4 fb fb 5e .. .. .. .. .. .. .. ..
 .. .. .. .. .. .. .. .. .. .. .. .. .. .. .. 9b fd fd bd .. .. .. .. .. .. .. .. ..
 .. .. .. .. .. .. .. .. .. .. .. .. .. .. 14 fd fb eb 42 .. .. .. .. .. .. .. .. ..
 .. .. .. .. .. .. .. .. .. .. .. .. .. 20 cd fd fb 7e .. .. .. .. .. .. .. .. .. ..
 .. .. .. .. .. .. .. .. .. .. .. .. .. 68 fb fd b8 0f .. .. .. .. .. .. .. .. .. ..
 .. .. .. .. .. .. .. .. .. .. .. .. 50 f0 fb c1 17 .. .. .. .. .. .. .. .. .. .. ..
 .. .. .. .. .. .. .. .. .. .. .. 20 fd fd fd 9f .. .. .. .. .. .. .. .. .. .. .. ..
 .. .. .. .. .. .. .. .. .. .. .. 97 fb fb fb 27 .. .. .. .. .. .. .. .. .. .. .. ..
 .. .. .. .. .. .. .. .. .. .. 30 dd fb fb ac .. .. .. .. .. .. .. .. .. .. .. .. ..
 .. .. .. .. .. .. .. .. .. .. ea fb fb c4 0c .. .. .. .. .. .. .. .. .. .. .. .. ..
 .. .. .. .. .. .. .. .. .. .. fd fb fb 59 .. .. .. .. .. .. .. .. .. .. .. .. .. ..
 .. .. .. .. .. .. .. .. .. 9f ff fd fd 1f .. .. .. .. .. .. .. .. .. .. .. .. .. ..
 .. .. .. .. .. .. .. .. 30 e4 fd f7 8c 08 .. .. .. .. .. .. .. .. .. .. .. .. .. ..
 .. .. .. .. .. .. .. .. 40 fb fd dc .. .. .. .. .. .. .. .. .. .. .. .. .. .. .. ..
 .. .. .. .. .. .. .. .. 40 fb fd dc .. .. .. .. .. .. .. .. .. .. .. .. .. .. .. ..
 .. .. .. .. .. .. .. .. 18 c1 fd dc .. .. .. .. .. .. .. .. .. .. .. .. .. .. .. ..
 .. .. .. .. .. .. .. .. .. .. .. .. .. .. .. .. .. .. .. .. .. .. .. .. .. .. .. ..
 .. .. .. .. .. .. .. .. .. .. .. .. .. .. .. .. .. .. .. .. .. .. .. .. .. .. .. ..
 .. .. .. .. .. .. .. .. .. .. .. .. .. .. .. .. .. .. .. .. .. .. .. .. .. .. .. ..

  4: 9
 .. .. .. .. .. .. .. .. .. .. .. .. .. .. .. .. .. .. .. .. .. .. .. .. .. .. .. ..
 .. .. .. .. .. .. .. .. .. .. .. .. .. .. .. .. .. .. .. .. .. .. .. .. .. .. .. ..
 .. .. .. .. .. .. .. .. .. .. .. .. .. .. .. .. .. .. .. .. .. .. .. .. .. .. .. ..
 .. .. .. .. .. .. .. .. .. .. .. .. .. .. .. .. .. .. .. .. .. .. .. .. .. .. .. ..
 .. .. .. .. .. .. .. .. .. .. .. .. .. .. .. .. .. .. .. .. .. .. .. .. .. .. .. ..
 .. .. .. .. .. .. .. .. .. .. .. .. .. .. .. .. .. .. .. .. .. .. .. .. .. .. .. ..
 .. .. .. .. .. .. .. .. .. .. .. .. .. .. .. .. .. .. .. .. .. .. .. .. .. .. .. ..
 .. .. .. .. .. .. .. .. .. .. .. .. 37 94 d2 fd fd 71 57 94 37 .. .. .. .. .. .. ..
 .. .. .. .. .. .. .. .. .. .. .. 57 e8 fc fd bd d2 fc fc fd a8 .. .. .. .. .. .. ..
 .. .. .. .. .. .. .. .. .. 04 39 f2 fc be 41 05 0c b6 fc fd 74 .. .. .. .. .. .. ..
 .. .. .. .. .. .. .. .. .. 60 fc fc b7 0e .. .. 5c fc fc e1 15 .. .. .. .. .. .. ..
 .. .. .. .. .. .. .. .. 84 fd fc 92 0e .. .. .. d7 fc fc 4f .. .. .. .. .. .. .. ..
 .. .. .. .. .. .. .. 7e fd f7 b0 09 .. .. 08 4e f5 fd 81 .. .. .. .. .. .. .. .. ..
 .. .. .. .. .. .. 10 e8 fc b0 .. .. .. 24 c9 fc fc a9 0b .. .. .. .. .. .. .. .. ..
 .. .. .. .. .. .. 16 fc fc 1e 16 77 c5 f1 fd fc fb 4d .. .. .. .. .. .. .. .. .. ..
 .. .. .. .. .. .. 10 e7 fc fd fc fc fc e2 e3 fc e7 .. .. .. .. .. .. .. .. .. .. ..
 .. .. .. .. .. .. .. 37 eb fd d9 8a 2a 18 c0 fc 8f .. .. .. .. .. .. .. .. .. .. ..
 .. .. .. .. .. .. .. .. .. .. .. .. .. 3e ff fd 6d .. .. .. .. .. .. .. .. .. .. ..
 .. .. .. .. .. .. .. .. .. .. .. .. .. 47 fd fc 15 .. .. .. .. .. .. .. .. .. .. ..
 .. .. .. .. .. .. .. .. .. .. .. .. .. .. fd fc 15 .. .. .. .. .. .. .. .. .. .. ..
 .. .. .. .. .. .. .. .. .. .. .. .. .. 47 fd fc 15 .. .. .. .. .. .. .. .. .. .. ..
 .. .. .. .. .. .. .. .. .. .. .. .. .. 6a fd fc 15 .. .. .. .. .. .. .. .. .. .. ..
 .. .. .. .. .. .. .. .. .. .. .. .. .. 2d ff fd 15 .. .. .. .. .. .. .. .. .. .. ..
 .. .. .. .. .. .. .. .. .. .. .. .. .. .. da fc 38 .. .. .. .. .. .. .. .. .. .. ..
 .. .. .. .. .. .. .. .. .. .. .. .. .. .. 60 fc bd 2a .. .. .. .. .. .. .. .. .. ..
 .. .. .. .. .. .. .. .. .. .. .. .. .. .. 0e b8 fc aa 0b .. .. .. .. .. .. .. .. ..
 .. .. .. .. .. .. .. .. .. .. .. .. .. .. .. 0e 93 fc 2a .. .. .. .. .. .. .. .. ..
 .. .. .. .. .. .. .. .. .. .. .. .. .. .. .. .. .. .. .. .. .. .. .. .. .. .. .. ..

INFO: [SIM 1] CSim done with 0 errors.
