==============================================================
File generated by Vivado(TM) HLS - High-Level Synthesis from C, C++ and SystemC
Version: 2016.2
Copyright (C) 1986-2016 Xilinx, Inc. All Rights Reserved.

==============================================================

@I [SYN-201] Setting up clock 'default' with a period of 10ns.
@I [HLS-10] Setting target device to 'xc7z020clg484-1'
@I [HLS-10] Analyzing design file 'deep_learning_hls/deep_learning.cpp' ... 
@I [HLS-10] Validating synthesis directives ...
@I [HLS-10] Starting code transformations ...
@I [XFORM-603] Inlining function 'ap_fixed_base<8, 2, true, (ap_q_mode)0, (ap_o_mode)0, 0>::overflow_adjust' into 'ap_fixed_base<8, 2, true, (ap_q_mode)0, (ap_o_mode)0, 0>::ap_fixed_base<8, 8, false, (ap_q_mode)0, (ap_o_mode)0, 0>' ().
@I [XFORM-603] Inlining function 'ap_fixed_base<8, 2, true, (ap_q_mode)0, (ap_o_mode)0, 0>::overflow_adjust' into 'ap_fixed_base<8, 2, true, (ap_q_mode)0, (ap_o_mode)0, 0>::ap_fixed_base<9, 3, true, (ap_q_mode)5, (ap_o_mode)3, 0>' ().
@I [XFORM-603] Inlining function 'ap_fixed_base<8, 2, true, (ap_q_mode)0, (ap_o_mode)0, 0>::overflow_adjust' into 'ap_fixed_base<8, 2, true, (ap_q_mode)0, (ap_o_mode)0, 0>::ap_fixed_base<32, 32, true, (ap_q_mode)5, (ap_o_mode)3, 0>.1' ().
@I [XFORM-603] Inlining function 'ap_fixed_base<8, 2, true, (ap_q_mode)0, (ap_o_mode)0, 0>::overflow_adjust' into 'ap_fixed_base<8, 2, true, (ap_q_mode)0, (ap_o_mode)0, 0>::ap_fixed_base<17, 5, true, (ap_q_mode)5, (ap_o_mode)3, 0>.1' ().
@I [XFORM-603] Inlining function 'ap_fixed_base<8, 2, true, (ap_q_mode)0, (ap_o_mode)0, 0>::overflow_adjust' into 'ap_fixed_base<8, 2, true, (ap_q_mode)0, (ap_o_mode)0, 0>::ap_fixed_base' ().
@I [XFORM-603] Inlining function 'Matrix<28, 28, ap_fixed<8, 2, (ap_q_mode)0, (ap_o_mode)0, 0> >::operator()' into 'convolution_perceptron<28, 28, 5, 5, ap_fixed<8, 2, (ap_q_mode)0, (ap_o_mode)0, 0> >::convolution_perceptron.1' (deep_learning_hls/convolution_perceptron.h:40).
@I [XFORM-603] Inlining function 'Matrix<28, 28, ap_fixed<8, 2, (ap_q_mode)0, (ap_o_mode)0, 0> >::operator()' into 'convolution_perceptron<28, 28, 5, 5, ap_fixed<8, 2, (ap_q_mode)0, (ap_o_mode)0, 0> >::MaxPooling' (deep_learning_hls/convolution_perceptron.h:84).
@I [XFORM-603] Inlining function 'Matrix<28, 28, ap_fixed<8, 2, (ap_q_mode)0, (ap_o_mode)0, 0> >::operator()' into 'convolution_perceptron<28, 28, 5, 5, ap_fixed<8, 2, (ap_q_mode)0, (ap_o_mode)0, 0> >::MaxPooling' (deep_learning_hls/convolution_perceptron.h:84).
@I [XFORM-603] Inlining function 'Matrix<28, 28, ap_fixed<8, 2, (ap_q_mode)0, (ap_o_mode)0, 0> >::operator()' into 'convolution_perceptron<28, 28, 5, 5, ap_fixed<8, 2, (ap_q_mode)0, (ap_o_mode)0, 0> >::MaxPooling' (deep_learning_hls/convolution_perceptron.h:84).
@I [XFORM-603] Inlining function 'Matrix<28, 28, ap_fixed<8, 2, (ap_q_mode)0, (ap_o_mode)0, 0> >::operator()' into 'convolution_perceptron<28, 28, 5, 5, ap_fixed<8, 2, (ap_q_mode)0, (ap_o_mode)0, 0> >::MaxPooling' (deep_learning_hls/convolution_perceptron.h:84).
@I [XFORM-603] Inlining function 'Matrix<28, 28, ap_fixed<8, 2, (ap_q_mode)0, (ap_o_mode)0, 0> >::operator()' into 'convolution_perceptron<28, 28, 5, 5, ap_fixed<8, 2, (ap_q_mode)0, (ap_o_mode)0, 0> >::MaxPooling' (deep_learning_hls/convolution_perceptron.h:83).
@I [XFORM-603] Inlining function 'Matrix<28, 28, ap_fixed<8, 2, (ap_q_mode)0, (ap_o_mode)0, 0> >::operator()' into 'convolution_perceptron<28, 28, 5, 5, ap_fixed<8, 2, (ap_q_mode)0, (ap_o_mode)0, 0> >::MaxPooling' (deep_learning_hls/convolution_perceptron.h:83).
@I [XFORM-603] Inlining function 'Matrix<28, 28, ap_fixed<8, 2, (ap_q_mode)0, (ap_o_mode)0, 0> >::operator()' into 'convolution_perceptron<28, 28, 5, 5, ap_fixed<8, 2, (ap_q_mode)0, (ap_o_mode)0, 0> >::MaxPooling' (deep_learning_hls/convolution_perceptron.h:83).
@I [XFORM-603] Inlining function 'Matrix<28, 28, ap_fixed<8, 2, (ap_q_mode)0, (ap_o_mode)0, 0> >::operator()' into 'convolution_perceptron<28, 28, 5, 5, ap_fixed<8, 2, (ap_q_mode)0, (ap_o_mode)0, 0> >::MaxPooling' (deep_learning_hls/convolution_perceptron.h:83).
@I [XFORM-603] Inlining function 'Matrix<28, 28, ap_fixed<8, 2, (ap_q_mode)0, (ap_o_mode)0, 0> >::operator()' into 'convolution_perceptron<28, 28, 5, 5, ap_fixed<8, 2, (ap_q_mode)0, (ap_o_mode)0, 0> >::Activation' (deep_learning_hls/convolution_perceptron.h:72).
@I [XFORM-603] Inlining function 'Matrix<28, 28, ap_fixed<8, 2, (ap_q_mode)0, (ap_o_mode)0, 0> >::operator()' into 'convolution_perceptron<28, 28, 5, 5, ap_fixed<8, 2, (ap_q_mode)0, (ap_o_mode)0, 0> >::Activation' (deep_learning_hls/convolution_perceptron.h:72).
@I [XFORM-603] Inlining function 'Matrix<28, 28, ap_fixed<8, 2, (ap_q_mode)0, (ap_o_mode)0, 0> >::operator()' into 'convolution_perceptron<28, 28, 5, 5, ap_fixed<8, 2, (ap_q_mode)0, (ap_o_mode)0, 0> >::Activation' (deep_learning_hls/convolution_perceptron.h:71).
@I [XFORM-603] Inlining function 'Matrix<28, 28, ap_fixed<8, 2, (ap_q_mode)0, (ap_o_mode)0, 0> >::operator()' into 'convolution_perceptron<28, 28, 5, 5, ap_fixed<8, 2, (ap_q_mode)0, (ap_o_mode)0, 0> >::Convolution' (deep_learning_hls/convolution_perceptron.h:61).
@I [XFORM-603] Inlining function 'Matrix<28, 28, ap_fixed<8, 2, (ap_q_mode)0, (ap_o_mode)0, 0> >::operator()' into 'convolution_perceptron<28, 28, 5, 5, ap_fixed<8, 2, (ap_q_mode)0, (ap_o_mode)0, 0> >::Convolution' (deep_learning_hls/convolution_perceptron.h:57).
@I [XFORM-603] Inlining function 'Matrix<28, 28, ap_fixed<8, 2, (ap_q_mode)0, (ap_o_mode)0, 0> >::operator()' into 'convolution_perceptron<28, 28, 5, 5, ap_fixed<8, 2, (ap_q_mode)0, (ap_o_mode)0, 0> >::clear_conv' (deep_learning_hls/convolution_perceptron.h:95).
@I [XFORM-603] Inlining function 'Matrix<28, 28, ap_fixed<8, 2, (ap_q_mode)0, (ap_o_mode)0, 0> >::operator()' into 'func_01' (deep_learning_hls/deep_learning.cpp:100).
@I [XFORM-603] Inlining function 'Matrix<5, 5, ap_fixed<8, 2, (ap_q_mode)0, (ap_o_mode)0, 0> >::operator()' into 'convolution_perceptron<28, 28, 5, 5, ap_fixed<8, 2, (ap_q_mode)0, (ap_o_mode)0, 0> >::convolution_perceptron.1' (deep_learning_hls/convolution_perceptron.h:35).
@I [XFORM-603] Inlining function 'Matrix<5, 5, ap_fixed<8, 2, (ap_q_mode)0, (ap_o_mode)0, 0> >::operator()' into 'convolution_perceptron<14, 14, 5, 5, ap_fixed<8, 2, (ap_q_mode)0, (ap_o_mode)0, 0> >::convolution_perceptron.1' (deep_learning_hls/convolution_perceptron.h:35).
@I [XFORM-603] Inlining function 'Matrix<5, 5, ap_fixed<8, 2, (ap_q_mode)0, (ap_o_mode)0, 0> >::operator()' into 'convolution_perceptron<28, 28, 5, 5, ap_fixed<8, 2, (ap_q_mode)0, (ap_o_mode)0, 0> >::Convolution' (deep_learning_hls/convolution_perceptron.h:57).
@I [XFORM-603] Inlining function 'Matrix<5, 5, ap_fixed<8, 2, (ap_q_mode)0, (ap_o_mode)0, 0> >::operator()' into 'convolution_perceptron<14, 14, 5, 5, ap_fixed<8, 2, (ap_q_mode)0, (ap_o_mode)0, 0> >::Convolution' (deep_learning_hls/convolution_perceptron.h:57).
@I [XFORM-603] Inlining function 'Matrix<5, 5, ap_fixed<8, 2, (ap_q_mode)0, (ap_o_mode)0, 0> >::operator()' into 'convolution_perceptron<14, 14, 5, 5, ap_fixed<8, 2, (ap_q_mode)0, (ap_o_mode)0, 0> >::set_filter' (deep_learning_hls/convolution_perceptron.h:114).
@I [XFORM-603] Inlining function 'Matrix<5, 5, ap_fixed<8, 2, (ap_q_mode)0, (ap_o_mode)0, 0> >::operator()' into 'convolution_perceptron<28, 28, 5, 5, ap_fixed<8, 2, (ap_q_mode)0, (ap_o_mode)0, 0> >::set_filter' (deep_learning_hls/convolution_perceptron.h:114).
@I [XFORM-603] Inlining function 'Matrix<14, 14, ap_fixed<8, 2, (ap_q_mode)0, (ap_o_mode)0, 0> >::operator()' into 'convolution_perceptron<14, 14, 5, 5, ap_fixed<8, 2, (ap_q_mode)0, (ap_o_mode)0, 0> >::convolution_perceptron.1' (deep_learning_hls/convolution_perceptron.h:40).
@I [XFORM-603] Inlining function 'Matrix<14, 14, ap_fixed<8, 2, (ap_q_mode)0, (ap_o_mode)0, 0> >::operator()' into 'convolution_perceptron<28, 28, 5, 5, ap_fixed<8, 2, (ap_q_mode)0, (ap_o_mode)0, 0> >::MaxPooling' (deep_learning_hls/convolution_perceptron.h:85).
@I [XFORM-603] Inlining function 'Matrix<14, 14, ap_fixed<8, 2, (ap_q_mode)0, (ap_o_mode)0, 0> >::operator()' into 'convolution_perceptron<14, 14, 5, 5, ap_fixed<8, 2, (ap_q_mode)0, (ap_o_mode)0, 0> >::MaxPooling' (deep_learning_hls/convolution_perceptron.h:84).
@I [XFORM-603] Inlining function 'Matrix<14, 14, ap_fixed<8, 2, (ap_q_mode)0, (ap_o_mode)0, 0> >::operator()' into 'convolution_perceptron<14, 14, 5, 5, ap_fixed<8, 2, (ap_q_mode)0, (ap_o_mode)0, 0> >::MaxPooling' (deep_learning_hls/convolution_perceptron.h:84).
@I [XFORM-603] Inlining function 'Matrix<14, 14, ap_fixed<8, 2, (ap_q_mode)0, (ap_o_mode)0, 0> >::operator()' into 'convolution_perceptron<14, 14, 5, 5, ap_fixed<8, 2, (ap_q_mode)0, (ap_o_mode)0, 0> >::MaxPooling' (deep_learning_hls/convolution_perceptron.h:84).
@I [XFORM-603] Inlining function 'Matrix<14, 14, ap_fixed<8, 2, (ap_q_mode)0, (ap_o_mode)0, 0> >::operator()' into 'convolution_perceptron<14, 14, 5, 5, ap_fixed<8, 2, (ap_q_mode)0, (ap_o_mode)0, 0> >::MaxPooling' (deep_learning_hls/convolution_perceptron.h:84).
@I [XFORM-603] Inlining function 'Matrix<14, 14, ap_fixed<8, 2, (ap_q_mode)0, (ap_o_mode)0, 0> >::operator()' into 'convolution_perceptron<14, 14, 5, 5, ap_fixed<8, 2, (ap_q_mode)0, (ap_o_mode)0, 0> >::MaxPooling' (deep_learning_hls/convolution_perceptron.h:83).
@I [XFORM-603] Inlining function 'Matrix<14, 14, ap_fixed<8, 2, (ap_q_mode)0, (ap_o_mode)0, 0> >::operator()' into 'convolution_perceptron<14, 14, 5, 5, ap_fixed<8, 2, (ap_q_mode)0, (ap_o_mode)0, 0> >::MaxPooling' (deep_learning_hls/convolution_perceptron.h:83).
@I [XFORM-603] Inlining function 'Matrix<14, 14, ap_fixed<8, 2, (ap_q_mode)0, (ap_o_mode)0, 0> >::operator()' into 'convolution_perceptron<14, 14, 5, 5, ap_fixed<8, 2, (ap_q_mode)0, (ap_o_mode)0, 0> >::MaxPooling' (deep_learning_hls/convolution_perceptron.h:83).
@I [XFORM-603] Inlining function 'Matrix<14, 14, ap_fixed<8, 2, (ap_q_mode)0, (ap_o_mode)0, 0> >::operator()' into 'convolution_perceptron<14, 14, 5, 5, ap_fixed<8, 2, (ap_q_mode)0, (ap_o_mode)0, 0> >::MaxPooling' (deep_learning_hls/convolution_perceptron.h:83).
@I [XFORM-603] Inlining function 'Matrix<14, 14, ap_fixed<8, 2, (ap_q_mode)0, (ap_o_mode)0, 0> >::operator()' into 'convolution_perceptron<14, 14, 5, 5, ap_fixed<8, 2, (ap_q_mode)0, (ap_o_mode)0, 0> >::Activation' (deep_learning_hls/convolution_perceptron.h:72).
@I [XFORM-603] Inlining function 'Matrix<14, 14, ap_fixed<8, 2, (ap_q_mode)0, (ap_o_mode)0, 0> >::operator()' into 'convolution_perceptron<14, 14, 5, 5, ap_fixed<8, 2, (ap_q_mode)0, (ap_o_mode)0, 0> >::Activation' (deep_learning_hls/convolution_perceptron.h:72).
@I [XFORM-603] Inlining function 'Matrix<14, 14, ap_fixed<8, 2, (ap_q_mode)0, (ap_o_mode)0, 0> >::operator()' into 'convolution_perceptron<14, 14, 5, 5, ap_fixed<8, 2, (ap_q_mode)0, (ap_o_mode)0, 0> >::Activation' (deep_learning_hls/convolution_perceptron.h:71).
@I [XFORM-603] Inlining function 'Matrix<14, 14, ap_fixed<8, 2, (ap_q_mode)0, (ap_o_mode)0, 0> >::operator()' into 'convolution_perceptron<14, 14, 5, 5, ap_fixed<8, 2, (ap_q_mode)0, (ap_o_mode)0, 0> >::Convolution' (deep_learning_hls/convolution_perceptron.h:61).
@I [XFORM-603] Inlining function 'Matrix<14, 14, ap_fixed<8, 2, (ap_q_mode)0, (ap_o_mode)0, 0> >::operator()' into 'convolution_perceptron<14, 14, 5, 5, ap_fixed<8, 2, (ap_q_mode)0, (ap_o_mode)0, 0> >::Convolution' (deep_learning_hls/convolution_perceptron.h:57).
@I [XFORM-603] Inlining function 'Matrix<14, 14, ap_fixed<8, 2, (ap_q_mode)0, (ap_o_mode)0, 0> >::operator()' into 'convolution_perceptron<14, 14, 5, 5, ap_fixed<8, 2, (ap_q_mode)0, (ap_o_mode)0, 0> >::clear_conv' (deep_learning_hls/convolution_perceptron.h:95).
@I [XFORM-603] Inlining function 'ap_fixed_base<8, 2, true, (ap_q_mode)0, (ap_o_mode)0, 0>::quantization_adjust' into 'ap_fixed_base<8, 2, true, (ap_q_mode)0, (ap_o_mode)0, 0>::ap_fixed_base<17, 5, true, (ap_q_mode)5, (ap_o_mode)3, 0>.1' ().
@I [XFORM-603] Inlining function 'ap_fixed_base<8, 2, true, (ap_q_mode)0, (ap_o_mode)0, 0>::quantization_adjust' into 'ap_fixed_base<8, 2, true, (ap_q_mode)0, (ap_o_mode)0, 0>::ap_fixed_base' ().
@I [XFORM-603] Inlining function 'ap_fixed_base<8, 2, true, (ap_q_mode)0, (ap_o_mode)0, 0>::to_float' into 'Matrix<1, 10, ap_fixed<8, 2, (ap_q_mode)0, (ap_o_mode)0, 0> >::view_float' (deep_learning_hls/Matrix.h:87).
@I [XFORM-603] Inlining function 'ap_fixed_base<8, 2, true, (ap_q_mode)0, (ap_o_mode)0, 0>::to_float' into 'softmax_perceptron_fnn<500, 10, ap_fixed<8, 2, (ap_q_mode)0, (ap_o_mode)0, 0> >::run' (deep_learning_hls/softmax_perceptron_fnn.h:33).
@I [XFORM-603] Inlining function 'ap_fixed_base<8, 2, true, (ap_q_mode)0, (ap_o_mode)0, 0>::to_float' into 'softmax_perceptron_fnn<500, 10, ap_fixed<8, 2, (ap_q_mode)0, (ap_o_mode)0, 0> >::actfunc' (deep_learning_hls/softmax_perceptron_fnn.h:43).
@I [XFORM-603] Inlining function 'ap_fixed_base<8, 2, true, (ap_q_mode)0, (ap_o_mode)0, 0>::to_float' into 'Matrix<14, 14, ap_fixed<8, 2, (ap_q_mode)0, (ap_o_mode)0, 0> >::view_float' (deep_learning_hls/Matrix.h:87).
@I [XFORM-603] Inlining function 'ap_fixed_base<8, 2, true, (ap_q_mode)0, (ap_o_mode)0, 0>::to_float' into 'Matrix<28, 28, ap_fixed<8, 2, (ap_q_mode)0, (ap_o_mode)0, 0> >::view_float' (deep_learning_hls/Matrix.h:87).
@I [XFORM-603] Inlining function 'ap_fixed_base<8, 2, true, (ap_q_mode)0, (ap_o_mode)0, 0>::to_float' into 'Matrix<5, 5, ap_fixed<8, 2, (ap_q_mode)0, (ap_o_mode)0, 0> >::view_float' (deep_learning_hls/Matrix.h:87).
@I [XFORM-603] Inlining function 'Matrix<7, 7, ap_fixed<8, 2, (ap_q_mode)0, (ap_o_mode)0, 0> >::operator()' into 'convolution_perceptron<14, 14, 5, 5, ap_fixed<8, 2, (ap_q_mode)0, (ap_o_mode)0, 0> >::MaxPooling' (deep_learning_hls/convolution_perceptron.h:85).
@I [XFORM-603] Inlining function 'Matrix<7, 7, ap_fixed<8, 2, (ap_q_mode)0, (ap_o_mode)0, 0> >::operator()' into 'convolution_nn<28, 28, 5, 5, 20, 20, 500, 10, ap_fixed<8, 2, (ap_q_mode)0, (ap_o_mode)0, 0> >' (deep_learning_hls/deep_learning.cpp:48).
@I [XFORM-603] Inlining function 'Matrix<1, 980, ap_fixed<8, 2, (ap_q_mode)0, (ap_o_mode)0, 0> >::operator()' into 'convolution_nn<28, 28, 5, 5, 20, 20, 500, 10, ap_fixed<8, 2, (ap_q_mode)0, (ap_o_mode)0, 0> >' (deep_learning_hls/deep_learning.cpp:48).
@I [XFORM-603] Inlining function 'Matrix<1, 500, ap_fixed<8, 2, (ap_q_mode)0, (ap_o_mode)0, 0> >::operator()' into 'operator*<980, 500, ap_fixed<8, 2, (ap_q_mode)0, (ap_o_mode)0, 0> >' (deep_learning_hls/Matrix.h:126).
@I [XFORM-603] Inlining function 'Matrix<1, 500, ap_fixed<8, 2, (ap_q_mode)0, (ap_o_mode)0, 0> >::operator()' into 'relu_perceptron_fnn<980, 500, ap_fixed<8, 2, (ap_q_mode)0, (ap_o_mode)0, 0> >::run' (deep_learning_hls/relu_perceptron_fnn.h:25).
@I [XFORM-603] Inlining function 'Matrix<1, 500, ap_fixed<8, 2, (ap_q_mode)0, (ap_o_mode)0, 0> >::operator()' into 'relu_perceptron_fnn<980, 500, ap_fixed<8, 2, (ap_q_mode)0, (ap_o_mode)0, 0> >::run' (deep_learning_hls/relu_perceptron_fnn.h:25).
@I [XFORM-603] Inlining function 'Matrix<1, 500, ap_fixed<8, 2, (ap_q_mode)0, (ap_o_mode)0, 0> >::operator()' into 'convolution_nn<28, 28, 5, 5, 20, 20, 500, 10, ap_fixed<8, 2, (ap_q_mode)0, (ap_o_mode)0, 0> >' (deep_learning_hls/deep_learning.cpp:65).
@I [XFORM-603] Inlining function 'Matrix<1, 500, ap_fixed<8, 2, (ap_q_mode)0, (ap_o_mode)0, 0> >::operator()' into 'convolution_nn<28, 28, 5, 5, 20, 20, 500, 10, ap_fixed<8, 2, (ap_q_mode)0, (ap_o_mode)0, 0> >' (deep_learning_hls/deep_learning.cpp:65).
@I [XFORM-603] Inlining function 'Matrix<1, 500, ap_fixed<8, 2, (ap_q_mode)0, (ap_o_mode)0, 0> >::operator()' into 'convolution_nn<28, 28, 5, 5, 20, 20, 500, 10, ap_fixed<8, 2, (ap_q_mode)0, (ap_o_mode)0, 0> >' (deep_learning_hls/deep_learning.cpp:55).
@I [XFORM-603] Inlining function 'Matrix<980, 500, ap_fixed<8, 2, (ap_q_mode)0, (ap_o_mode)0, 0> >::operator()' into 'convolution_nn<28, 28, 5, 5, 20, 20, 500, 10, ap_fixed<8, 2, (ap_q_mode)0, (ap_o_mode)0, 0> >' (deep_learning_hls/deep_learning.cpp:58).
@I [XFORM-603] Inlining function 'Matrix<1, 10, ap_fixed<8, 2, (ap_q_mode)0, (ap_o_mode)0, 0> >::operator()' into 'operator*<500, 10, ap_fixed<8, 2, (ap_q_mode)0, (ap_o_mode)0, 0> >' (deep_learning_hls/Matrix.h:126).
@I [XFORM-603] Inlining function 'Matrix<1, 10, ap_fixed<8, 2, (ap_q_mode)0, (ap_o_mode)0, 0> >::operator()' into 'softmax_perceptron_fnn<500, 10, ap_fixed<8, 2, (ap_q_mode)0, (ap_o_mode)0, 0> >::run' (deep_learning_hls/softmax_perceptron_fnn.h:36).
@I [XFORM-603] Inlining function 'Matrix<1, 10, ap_fixed<8, 2, (ap_q_mode)0, (ap_o_mode)0, 0> >::operator()' into 'softmax_perceptron_fnn<500, 10, ap_fixed<8, 2, (ap_q_mode)0, (ap_o_mode)0, 0> >::run' (deep_learning_hls/softmax_perceptron_fnn.h:36).
@I [XFORM-603] Inlining function 'Matrix<1, 10, ap_fixed<8, 2, (ap_q_mode)0, (ap_o_mode)0, 0> >::operator()' into 'softmax_perceptron_fnn<500, 10, ap_fixed<8, 2, (ap_q_mode)0, (ap_o_mode)0, 0> >::run' (deep_learning_hls/softmax_perceptron_fnn.h:33).
@I [XFORM-603] Inlining function 'Matrix<1, 10, ap_fixed<8, 2, (ap_q_mode)0, (ap_o_mode)0, 0> >::operator()' into 'convolution_nn<28, 28, 5, 5, 20, 20, 500, 10, ap_fixed<8, 2, (ap_q_mode)0, (ap_o_mode)0, 0> >' (deep_learning_hls/deep_learning.cpp:70).
@I [XFORM-603] Inlining function 'Matrix<1, 10, ap_fixed<8, 2, (ap_q_mode)0, (ap_o_mode)0, 0> >::operator()' into 'func_01' (deep_learning_hls/deep_learning.cpp:117).
@I [XFORM-603] Inlining function 'Matrix<1, 10, ap_fixed<8, 2, (ap_q_mode)0, (ap_o_mode)0, 0> >::operator()' into 'func_01' (deep_learning_hls/deep_learning.cpp:116).
@I [XFORM-603] Inlining function 'Matrix<1, 10, ap_fixed<8, 2, (ap_q_mode)0, (ap_o_mode)0, 0> >::operator()' into 'func_01' (deep_learning_hls/deep_learning.cpp:115).
@I [XFORM-603] Inlining function 'Matrix<1, 10, ap_fixed<8, 2, (ap_q_mode)0, (ap_o_mode)0, 0> >::operator()' into 'func_01' (deep_learning_hls/deep_learning.cpp:114).
@I [XFORM-603] Inlining function 'Matrix<1, 10, ap_fixed<8, 2, (ap_q_mode)0, (ap_o_mode)0, 0> >::operator()' into 'func_01' (deep_learning_hls/deep_learning.cpp:113).
@I [XFORM-603] Inlining function 'Matrix<1, 10, ap_fixed<8, 2, (ap_q_mode)0, (ap_o_mode)0, 0> >::operator()' into 'func_01' (deep_learning_hls/deep_learning.cpp:112).
@I [XFORM-603] Inlining function 'Matrix<1, 10, ap_fixed<8, 2, (ap_q_mode)0, (ap_o_mode)0, 0> >::operator()' into 'func_01' (deep_learning_hls/deep_learning.cpp:111).
@I [XFORM-603] Inlining function 'Matrix<1, 10, ap_fixed<8, 2, (ap_q_mode)0, (ap_o_mode)0, 0> >::operator()' into 'func_01' (deep_learning_hls/deep_learning.cpp:110).
@I [XFORM-603] Inlining function 'Matrix<1, 10, ap_fixed<8, 2, (ap_q_mode)0, (ap_o_mode)0, 0> >::operator()' into 'func_01' (deep_learning_hls/deep_learning.cpp:109).
@I [XFORM-603] Inlining function 'Matrix<1, 10, ap_fixed<8, 2, (ap_q_mode)0, (ap_o_mode)0, 0> >::operator()' into 'func_01' (deep_learning_hls/deep_learning.cpp:108).
@I [XFORM-603] Inlining function 'Matrix<500, 10, ap_fixed<8, 2, (ap_q_mode)0, (ap_o_mode)0, 0> >::operator()' into 'convolution_nn<28, 28, 5, 5, 20, 20, 500, 10, ap_fixed<8, 2, (ap_q_mode)0, (ap_o_mode)0, 0> >' (deep_learning_hls/deep_learning.cpp:72).
@I [HLS-10] Checking synthesizability ...
@I [XFORM-602] Inlining function 'convolution_perceptron<28, 28, 5, 5, ap_fixed<8, 2, (ap_q_mode)0, (ap_o_mode)0, 0> >::actfunc' into 'convolution_perceptron<28, 28, 5, 5, ap_fixed<8, 2, (ap_q_mode)0, (ap_o_mode)0, 0> >::Activation' (deep_learning_hls/convolution_perceptron.h:72) automatically.
@I [XFORM-602] Inlining function 'convolution_perceptron<28, 28, 5, 5, ap_fixed<8, 2, (ap_q_mode)0, (ap_o_mode)0, 0> >::clear_conv' into 'convolution_perceptron<28, 28, 5, 5, ap_fixed<8, 2, (ap_q_mode)0, (ap_o_mode)0, 0> >::Proc' (deep_learning_hls/convolution_perceptron.h:103) automatically.
@I [XFORM-602] Inlining function 'convolution_perceptron<14, 14, 5, 5, ap_fixed<8, 2, (ap_q_mode)0, (ap_o_mode)0, 0> >::actfunc' into 'convolution_perceptron<14, 14, 5, 5, ap_fixed<8, 2, (ap_q_mode)0, (ap_o_mode)0, 0> >::Activation' (deep_learning_hls/convolution_perceptron.h:72) automatically.
@I [XFORM-602] Inlining function 'relu_perceptron_fnn<980, 500, ap_fixed<8, 2, (ap_q_mode)0, (ap_o_mode)0, 0> >::actfunc' into 'relu_perceptron_fnn<980, 500, ap_fixed<8, 2, (ap_q_mode)0, (ap_o_mode)0, 0> >::run' (deep_learning_hls/relu_perceptron_fnn.h:25) automatically.
@I [XFORM-602] Inlining function 'convolution_perceptron<28, 28, 5, 5, ap_fixed<8, 2, (ap_q_mode)0